<?xml version="1.0" encoding="UTF-8"?>
<robot generator="Robot 2.9 (Jython 2.7.0 on java1.8.0_60)" generated="20150912 21:03:55.405">
<suite source="/Users/kurtisgrabenmba/Documents/Programming/exampleTicTacToe/tic-tac-toe/acceptance/TicTacToeTests.txt" name="TicTacToeTests" id="s1">
<test name="Win Diagonally as X" id="s1-t1">
<kw name="Start New Game">
<msg level="FAIL" timestamp="20150912 21:03:55.881">No keyword with name 'Start New Game' found.</msg>
<status endtime="20150912 21:03:55.882" starttime="20150912 21:03:55.879" status="FAIL"></status>
</kw>
<status critical="yes" endtime="20150912 21:03:55.885" starttime="20150912 21:03:55.857" status="FAIL">No keyword with name 'Start New Game' found.</status>
</test>
<test name="Win Horizontally as O" id="s1-t2">
<kw name="Start New Game">
<msg level="FAIL" timestamp="20150912 21:03:55.909">No keyword with name 'Start New Game' found.</msg>
<status endtime="20150912 21:03:55.910" starttime="20150912 21:03:55.908" status="FAIL"></status>
</kw>
<status critical="yes" endtime="20150912 21:03:55.911" starttime="20150912 21:03:55.888" status="FAIL">No keyword with name 'Start New Game' found.</status>
</test>
<test name="Force a Tie" id="s1-t3">
<kw name="Start New Game">
<msg level="FAIL" timestamp="20150912 21:03:55.931">No keyword with name 'Start New Game' found.</msg>
<status endtime="20150912 21:03:55.932" starttime="20150912 21:03:55.930" status="FAIL"></status>
</kw>
<status critical="yes" endtime="20150912 21:03:55.933" starttime="20150912 21:03:55.914" status="FAIL">No keyword with name 'Start New Game' found.</status>
</test>
<status endtime="20150912 21:03:55.937" starttime="20150912 21:03:55.432" status="FAIL"></status>
</suite>
<statistics>
<total>
<stat pass="0" fail="3">Critical Tests</stat>
<stat pass="0" fail="3">All Tests</stat>
</total>
<tag>
</tag>
<suite>
<stat pass="0" fail="3" name="TicTacToeTests" id="s1">TicTacToeTests</stat>
</suite>
</statistics>
<errors>
</errors>
</robot>
