<?xml version="1.0" encoding="UTF-8"?>
<robot generator="Robot 2.9 (Jython 2.7.0 on java1.8.0_60)" generated="20150910 16:26:56.369">
<suite source="/Users/kurtisgrabenmba/Documents/Programming/exampleTicTacToe/tic-tac-toe/acceptance/TicTacToeTests.txt" name="TicTacToeTests" id="s1">
<test name="Win Diagonally as X" id="s1-t1">
<kw name="Start New Game">
<msg level="FAIL" timestamp="20150910 16:26:56.762">No keyword with name 'Start New Game' found.</msg>
<status endtime="20150910 16:26:56.763" starttime="20150910 16:26:56.761" status="FAIL"></status>
</kw>
<status critical="yes" endtime="20150910 16:26:56.765" starttime="20150910 16:26:56.743" status="FAIL">No keyword with name 'Start New Game' found.</status>
</test>
<test name="Win Horizontally as O" id="s1-t2">
<kw name="Start New Game">
<msg level="FAIL" timestamp="20150910 16:26:56.784">No keyword with name 'Start New Game' found.</msg>
<status endtime="20150910 16:26:56.785" starttime="20150910 16:26:56.783" status="FAIL"></status>
</kw>
<status critical="yes" endtime="20150910 16:26:56.787" starttime="20150910 16:26:56.768" status="FAIL">No keyword with name 'Start New Game' found.</status>
</test>
<test name="Force a Tie" id="s1-t3">
<kw name="Start New Game">
<msg level="FAIL" timestamp="20150910 16:26:56.808">No keyword with name 'Start New Game' found.</msg>
<status endtime="20150910 16:26:56.809" starttime="20150910 16:26:56.807" status="FAIL"></status>
</kw>
<status critical="yes" endtime="20150910 16:26:56.811" starttime="20150910 16:26:56.789" status="FAIL">No keyword with name 'Start New Game' found.</status>
</test>
<status endtime="20150910 16:26:56.813" starttime="20150910 16:26:56.393" status="FAIL"></status>
</suite>
<statistics>
<total>
<stat pass="0" fail="3">Critical Tests</stat>
<stat pass="0" fail="3">All Tests</stat>
</total>
<tag>
</tag>
<suite>
<stat pass="0" fail="3" name="TicTacToeTests" id="s1">TicTacToeTests</stat>
</suite>
</statistics>
<errors>
<msg level="ERROR" timestamp="20150910 16:26:56.737">Error in file '/Users/kurtisgrabenmba/Documents/Programming/exampleTicTacToe/tic-tac-toe/acceptance/TicTacToeTests.txt': Importing test library 'TicTacToeKeywords' failed: ImportError: No module named TicTacToeKeywords
Traceback (most recent call last):
  None
PYTHONPATH:
  /Users/kurtisgrabenmba/Documents/Programming/robotframework/Lib
  /Users/kurtisgrabenmba/Documents/Programming/robotframework/robotframework-2.9.jar/Lib
  __classpath__
  __pyclasspath__/
CLASSPATH:
  .
  ../build/classes/main
  /Users/kurtisgrabenmba/Documents/Programming/RobotFramework/robotframework-2.9.jar</msg>
</errors>
</robot>
