<?xml version="1.0" encoding="UTF-8"?>
<robot generator="Robot 2.9 (Jython 2.7.0 on java1.8.0_60)" generated="20150909 21:44:26.776">
<suite source="/Users/kurtisgrabenmba/Documents/Programming/exampleTicTacToe/tic-tac-toe/acceptance/TicTacToeTests.txt" name="TicTacToeTests" id="s1">
<test name="Win Diagonally as X" id="s1-t1">
<kw name="Start New Game">
<msg level="FAIL" timestamp="20150909 21:44:27.311">No keyword with name 'Start New Game' found.</msg>
<status endtime="20150909 21:44:27.313" starttime="20150909 21:44:27.310" status="FAIL"></status>
</kw>
<status critical="yes" endtime="20150909 21:44:27.322" starttime="20150909 21:44:27.282" status="FAIL">No keyword with name 'Start New Game' found.</status>
</test>
<test name="Win Horizontally as O" id="s1-t2">
<kw name="Start New Game">
<msg level="FAIL" timestamp="20150909 21:44:27.348">No keyword with name 'Start New Game' found.</msg>
<status endtime="20150909 21:44:27.349" starttime="20150909 21:44:27.347" status="FAIL"></status>
</kw>
<status critical="yes" endtime="20150909 21:44:27.351" starttime="20150909 21:44:27.327" status="FAIL">No keyword with name 'Start New Game' found.</status>
</test>
<test name="Force a Tie" id="s1-t3">
<kw name="Start New Game">
<msg level="FAIL" timestamp="20150909 21:44:27.379">No keyword with name 'Start New Game' found.</msg>
<status endtime="20150909 21:44:27.380" starttime="20150909 21:44:27.378" status="FAIL"></status>
</kw>
<status critical="yes" endtime="20150909 21:44:27.382" starttime="20150909 21:44:27.357" status="FAIL">No keyword with name 'Start New Game' found.</status>
</test>
<status endtime="20150909 21:44:27.386" starttime="20150909 21:44:26.796" status="FAIL"></status>
</suite>
<statistics>
<total>
<stat pass="0" fail="3">Critical Tests</stat>
<stat pass="0" fail="3">All Tests</stat>
</total>
<tag>
</tag>
<suite>
<stat pass="0" fail="3" name="TicTacToeTests" id="s1">TicTacToeTests</stat>
</suite>
</statistics>
<errors>
<msg level="ERROR" timestamp="20150909 21:44:27.275">Error in file '/Users/kurtisgrabenmba/Documents/Programming/exampleTicTacToe/tic-tac-toe/acceptance/TicTacToeTests.txt': Importing test library 'TicTacToeKeywords' failed: ImportError: No module named TicTacToeKeywords
Traceback (most recent call last):
  None
PYTHONPATH:
  /Users/kurtisgrabenmba/Documents/Programming/robotframework/Lib
  /Users/kurtisgrabenmba/Documents/Programming/robotframework/robotframework-2.9.jar/Lib
  __classpath__
  __pyclasspath__/
CLASSPATH:
  .
  ../build/classes/main
  /Users/kurtisgrabenmba/Documents/Programming/RobotFramework/robotframework-2.9.jar</msg>
</errors>
</robot>
