<?xml version="1.0" encoding="UTF-8"?>
<robot generator="Robot 2.9 (Jython 2.7.0 on java1.8.0_60)" generated="20150916 22:29:42.909">
<suite source="/Users/kurtisgrabenmba/Documents/Programming/exampleTicTacToe/tic-tac-toe/acceptance/TicTacToeGUITests.txt" name="TicTacToeGUITests" id="s1">
<test name="Win Diagonally as X" id="s1-t1">
<kw name="Start New Game">
<kw name="Start Application">
<arguments>
<arg>edu.jsu.mcis.GameBoard</arg>
</arguments>
<msg level="FAIL" timestamp="20150916 22:29:43.319">No keyword with name 'Start Application' found.</msg>
<status endtime="20150916 22:29:43.321" starttime="20150916 22:29:43.317" status="FAIL"></status>
</kw>
<status endtime="20150916 22:29:43.324" starttime="20150916 22:29:43.297" status="FAIL"></status>
</kw>
<status critical="yes" endtime="20150916 22:29:43.326" starttime="20150916 22:29:43.292" status="FAIL">No keyword with name 'Start Application' found.</status>
</test>
<test name="Win Horizontally as O" id="s1-t2">
<kw name="Start New Game">
<kw name="Start Application">
<arguments>
<arg>edu.jsu.mcis.GameBoard</arg>
</arguments>
<msg level="FAIL" timestamp="20150916 22:29:43.352">No keyword with name 'Start Application' found.</msg>
<status endtime="20150916 22:29:43.353" starttime="20150916 22:29:43.351" status="FAIL"></status>
</kw>
<status endtime="20150916 22:29:43.354" starttime="20150916 22:29:43.333" status="FAIL"></status>
</kw>
<status critical="yes" endtime="20150916 22:29:43.356" starttime="20150916 22:29:43.329" status="FAIL">No keyword with name 'Start Application' found.</status>
</test>
<test name="Force a Tie" id="s1-t3">
<kw name="Start New Game">
<kw name="Start Application">
<arguments>
<arg>edu.jsu.mcis.GameBoard</arg>
</arguments>
<msg level="FAIL" timestamp="20150916 22:29:43.381">No keyword with name 'Start Application' found.</msg>
<status endtime="20150916 22:29:43.382" starttime="20150916 22:29:43.376" status="FAIL"></status>
</kw>
<status endtime="20150916 22:29:43.383" starttime="20150916 22:29:43.361" status="FAIL"></status>
</kw>
<status critical="yes" endtime="20150916 22:29:43.384" starttime="20150916 22:29:43.358" status="FAIL">No keyword with name 'Start Application' found.</status>
</test>
<status endtime="20150916 22:29:43.389" starttime="20150916 22:29:42.933" status="FAIL"></status>
</suite>
<statistics>
<total>
<stat pass="0" fail="3">Critical Tests</stat>
<stat pass="0" fail="3">All Tests</stat>
</total>
<tag>
</tag>
<suite>
<stat pass="0" fail="3" name="TicTacToeGUITests" id="s1">TicTacToeGUITests</stat>
</suite>
</statistics>
<errors>
<msg level="ERROR" timestamp="20150916 22:29:43.286">Error in file '/Users/kurtisgrabenmba/Documents/Programming/exampleTicTacToe/tic-tac-toe/acceptance/TicTacToeGUITests.txt': Importing test library 'SwingLibrary' failed: ImportError: No module named SwingLibrary
Traceback (most recent call last):
  None
PYTHONPATH:
  /Users/kurtisgrabenmba/Documents/Programming/robotframework/Lib
  /Users/kurtisgrabenmba/Documents/Programming/robotframework/robotframework-2.9.jar/Lib
  __classpath__
  __pyclasspath__/
CLASSPATH:
  .
  ../build/classes/main
  /Users/kurtisgrabenmba/Documents/Programming/RobotFramework/robotframework-2.9.jar</msg>
</errors>
</robot>
